<?xml version="1.0" encoding="UTF-8"?>
<!-- Generated by org.testng.reporters.JUnitReportReporter -->
<testsuite hostname="DESKTOP-V18Q5MU" failures="0" tests="3" name="runner.LoginRunner" time="67.832" errors="0" timestamp="2026-01-17T18:08:25 IST" skipped="0">
  <testcase classname="runner.LoginRunner" name="runScenario" time="27.551"/>
  <testcase classname="runner.LoginRunner" name="runScenario" time="14.809"/>
  <testcase classname="runner.LoginRunner" name="runScenario" time="25.472"/>
</testsuite> <!-- runner.LoginRunner -->
