<?xml version="1.0" encoding="UTF-8"?>
<!-- Generated by org.testng.reporters.JUnitReportReporter -->
<testsuite hostname="DESKTOP-V18Q5MU" failures="0" tests="2" name="runner.CheckoutRunner" time="49.718" errors="2" timestamp="2026-01-17T18:08:25 IST" skipped="0">
  <testcase classname="runner.CheckoutRunner" name="runScenario" time="23.996">
    <error message="class org.openqa.selenium.remote.RemoteWebElement cannot be cast to class org.openqa.selenium.By (org.openqa.selenium.remote.RemoteWebElement and org.openqa.selenium.By are in unnamed module of loader &#039;app&#039;)" type="java.lang.ClassCastException">
      <![CDATA[java.lang.ClassCastException: class org.openqa.selenium.remote.RemoteWebElement cannot be cast to class org.openqa.selenium.By (org.openqa.selenium.remote.RemoteWebElement and org.openqa.selenium.By are in unnamed module of loader 'app')
at pages.HomePage.productIsAddedToTheCart(HomePage.java:157)
at ✽.product is added to the cart(file:///C:/Users/Metha/eclipse-workspace/AutomationExercise/src/main/resources/feature/Checkout.feature:9)
]]>
    </error>
  </testcase> <!-- runScenario -->
  <testcase classname="runner.CheckoutRunner" name="runScenario" time="25.722">
    <error message="class org.openqa.selenium.remote.RemoteWebElement cannot be cast to class org.openqa.selenium.By (org.openqa.selenium.remote.RemoteWebElement and org.openqa.selenium.By are in unnamed module of loader &#039;app&#039;)" type="java.lang.ClassCastException">
      <![CDATA[java.lang.ClassCastException: class org.openqa.selenium.remote.RemoteWebElement cannot be cast to class org.openqa.selenium.By (org.openqa.selenium.remote.RemoteWebElement and org.openqa.selenium.By are in unnamed module of loader 'app')
at pages.HomePage.productIsAddedToTheCart(HomePage.java:157)
at ✽.product is added to the cart(file:///C:/Users/Metha/eclipse-workspace/AutomationExercise/src/main/resources/feature/Checkout.feature:9)
]]>
    </error>
  </testcase> <!-- runScenario -->
</testsuite> <!-- runner.CheckoutRunner -->
